Enter terms for polynomial A.  Enter a coefficient
then exponent for each term. Enter -1 -1 to terminate.
5 7 -4 3 10 1 -2 0 -1 -1
Enter terms for polynomial B.  Enter a coefficient
then exponent for each term. Enter -1 -1 to terminate.
3 4 1 3 -1 -1

//NOTE: THIS IS NOT A PART OF YOUR OUTPUT BUT MY COMMENT ABOUT THE INPUT I PROVIDE ABOVE. THIS IS JUST A WAY TO ENTER VALUES. THERE SHOULD BE MANY WAYS TO ENTER THE COEFFICIENT AND POWER PAIR IN DIFFERENT ORDERS


A = +5x^7 -4x^3 +10x -2
B = +3x^4 +1x^3

Compute C = A + B:  +5x^7 +3x^4 -3x^3 +10x -2

A is not == B
A is not == B

Compute  Z1 = A2 - B2:  +5x^7 -3x^4 -5x^3 +10x -2
Compute  Z2 = B2 - A2:  -5x^7 +3x^4 +5x^3 -10x +2

Compute  D = A * B - 15
Before: D = +5x^7
After:  D = +15x^11 +5x^10 -12x^7 -4x^6 +30x^5 +4x^4 -2x^3 -15

Test assignment operators
X = +15x^11 +5x^10 -12x^7 -4x^6 +30x^5 +4x^4 -2x^3 -15
Y = -15x^11 -5x^10 +17x^7 +4x^6 -30x^5 -4x^4 -2x^3 +10x -2

Get and Set coefficient
coeff of subscript 0 of D is: -15
Doing getCoeff for term -20000
D = +50x^20000 +15x^11 +5x^10 -12x^7 -4x^6 +30x^5 +4x^4 -2x^3 +50

Press any key to continue . . .

